\BOOKMARK [0][-]{chapter.1}{\376\377\000b\000a\000c\000k\000e\000n\000d}{}% 1
\BOOKMARK [1][-]{section.1.1}{\376\377\000b\000a\000c\000k\000e\000n\000d\000\040\000p\000a\000c\000k\000a\000g\000e}{chapter.1}% 2
\BOOKMARK [2][-]{subsection.1.1.1}{\376\377\000S\000u\000b\000m\000o\000d\000u\000l\000e\000s}{section.1.1}% 3
\BOOKMARK [2][-]{subsection.1.1.2}{\376\377\000b\000a\000c\000k\000e\000n\000d\000.\000a\000s\000g\000i\000\040\000m\000o\000d\000u\000l\000e}{section.1.1}% 4
\BOOKMARK [2][-]{subsection.1.1.3}{\376\377\000b\000a\000c\000k\000e\000n\000d\000.\000s\000e\000t\000t\000i\000n\000g\000s\000\040\000m\000o\000d\000u\000l\000e}{section.1.1}% 5
\BOOKMARK [2][-]{subsection.1.1.4}{\376\377\000b\000a\000c\000k\000e\000n\000d\000.\000u\000r\000l\000s\000\040\000m\000o\000d\000u\000l\000e}{section.1.1}% 6
\BOOKMARK [2][-]{subsection.1.1.5}{\376\377\000b\000a\000c\000k\000e\000n\000d\000.\000w\000s\000g\000i\000\040\000m\000o\000d\000u\000l\000e}{section.1.1}% 7
\BOOKMARK [2][-]{subsection.1.1.6}{\376\377\000M\000o\000d\000u\000l\000e\000\040\000c\000o\000n\000t\000e\000n\000t\000s}{section.1.1}% 8
\BOOKMARK [1][-]{section.1.2}{\376\377\000m\000a\000i\000n\000A\000p\000p\000\040\000p\000a\000c\000k\000a\000g\000e}{chapter.1}% 9
\BOOKMARK [2][-]{subsection.1.2.1}{\376\377\000S\000u\000b\000p\000a\000c\000k\000a\000g\000e\000s}{section.1.2}% 10
\BOOKMARK [2][-]{subsection.1.2.2}{\376\377\000S\000u\000b\000m\000o\000d\000u\000l\000e\000s}{section.1.2}% 11
\BOOKMARK [2][-]{subsection.1.2.3}{\376\377\000m\000a\000i\000n\000A\000p\000p\000.\000a\000d\000m\000i\000n\000\040\000m\000o\000d\000u\000l\000e}{section.1.2}% 12
\BOOKMARK [2][-]{subsection.1.2.4}{\376\377\000m\000a\000i\000n\000A\000p\000p\000.\000a\000p\000p\000s\000\040\000m\000o\000d\000u\000l\000e}{section.1.2}% 13
\BOOKMARK [2][-]{subsection.1.2.5}{\376\377\000m\000a\000i\000n\000A\000p\000p\000.\000f\000o\000r\000m\000s\000\040\000m\000o\000d\000u\000l\000e}{section.1.2}% 14
\BOOKMARK [2][-]{subsection.1.2.6}{\376\377\000m\000a\000i\000n\000A\000p\000p\000.\000m\000o\000d\000e\000l\000s\000\040\000m\000o\000d\000u\000l\000e}{section.1.2}% 15
\BOOKMARK [2][-]{subsection.1.2.7}{\376\377\000m\000a\000i\000n\000A\000p\000p\000.\000s\000e\000r\000i\000a\000l\000i\000z\000e\000r\000s\000\040\000m\000o\000d\000u\000l\000e}{section.1.2}% 16
\BOOKMARK [2][-]{subsection.1.2.8}{\376\377\000m\000a\000i\000n\000A\000p\000p\000.\000t\000e\000s\000t\000s\000\040\000m\000o\000d\000u\000l\000e}{section.1.2}% 17
\BOOKMARK [2][-]{subsection.1.2.9}{\376\377\000m\000a\000i\000n\000A\000p\000p\000.\000u\000r\000l\000s\000\040\000m\000o\000d\000u\000l\000e}{section.1.2}% 18
\BOOKMARK [2][-]{subsection.1.2.10}{\376\377\000m\000a\000i\000n\000A\000p\000p\000.\000v\000i\000e\000w\000s\000\040\000m\000o\000d\000u\000l\000e}{section.1.2}% 19
\BOOKMARK [2][-]{subsection.1.2.11}{\376\377\000M\000o\000d\000u\000l\000e\000\040\000c\000o\000n\000t\000e\000n\000t\000s}{section.1.2}% 20
\BOOKMARK [1][-]{section.1.3}{\376\377\000m\000a\000n\000a\000g\000e\000\040\000m\000o\000d\000u\000l\000e}{chapter.1}% 21
\BOOKMARK [0][-]{chapter.2}{\376\377\000I\000n\000d\000i\000c\000e\000s\000\040\000a\000n\000d\000\040\000t\000a\000b\000l\000e\000s}{}% 22
\BOOKMARK [0][-]{section*.48}{\376\377\000I\000n\000d\000e\000k\000s\000\040\000m\000o\000d\000u\001\102\000\363\000w\000\040\000P\000y\000t\000h\000o\000n\000a}{}% 23
\BOOKMARK [0][-]{section*.49}{\376\377\000I\000n\000d\000e\000k\000s}{}% 24
